<?xml version="1.0" encoding="UTF-8" standalone="no"?>
<testsuite failures="0" name="cucumber.runtime.formatter.JUnitFormatter" skipped="1" tests="1" time="0.047343">
    <testcase classname="As a Brand, I want to be able to view the list of retailers that requested for connect," name="Action 3-dot menu" time="0.047343">
        <skipped><![CDATA[Given user launch the browser and Maximize window...........................skipped
When to hit the Shopdot Url.................................................skipped
And user Login to the shopdot...............................................skipped
And user navigated to the onboarding........................................undefined
And user clicks on Request for Access button from Retailer menu.............undefined
And Display Request for Access page.........................................undefined
And user click on the View/Edit from the Action 3-dot menu..................undefined
Then it should redirect to the Retailer Profile Screen......................undefined
]]></skipped>
    </testcase>
</testsuite>
